w:\programs\cg_lab\lab\direct3d win32 game1 (2)\direct3d win32 game1\direct3d win32 game1\debug\direct3d win32 game1.pch
w:\programs\cg_lab\lab\direct3d win32 game1 (2)\direct3d win32 game1\direct3d win32 game1\debug\vc142.pdb
w:\programs\cg_lab\lab\direct3d win32 game1 (2)\direct3d win32 game1\direct3d win32 game1\debug\vc142.idb
w:\programs\cg_lab\lab\direct3d win32 game1 (2)\direct3d win32 game1\direct3d win32 game1\debug\pch.obj
w:\programs\cg_lab\lab\direct3d win32 game1 (2)\direct3d win32 game1\direct3d win32 game1\debug\main.obj
w:\programs\cg_lab\lab\direct3d win32 game1 (2)\direct3d win32 game1\direct3d win32 game1\debug\graphicmodel.obj
w:\programs\cg_lab\lab\direct3d win32 game1 (2)\direct3d win32 game1\direct3d win32 game1\debug\game.obj
w:\programs\cg_lab\lab\direct3d win32 game1 (2)\direct3d win32 game1\debug\xapobaseredist.pdb
w:\programs\cg_lab\lab\direct3d win32 game1 (2)\direct3d win32 game1\debug\xaudio2_9redist.pdb
w:\programs\cg_lab\lab\direct3d win32 game1 (2)\direct3d win32 game1\debug\xaudio2_9redist.dll
w:\programs\cg_lab\lab\direct3d win32 game1 (2)\direct3d win32 game1\debug\direct3d win32 game1.lib
w:\programs\cg_lab\lab\direct3d win32 game1 (2)\direct3d win32 game1\debug\direct3d win32 game1.exp
w:\programs\cg_lab\lab\direct3d win32 game1 (2)\direct3d win32 game1\debug\shader.cso
w:\programs\cg_lab\lab\direct3d win32 game1 (2)\direct3d win32 game1\debug\direct3d win32 game1.ilk
w:\programs\cg_lab\lab\direct3d win32 game1 (2)\direct3d win32 game1\debug\direct3d win32 game1.exe
w:\programs\cg_lab\lab\direct3d win32 game1 (2)\direct3d win32 game1\debug\direct3d win32 game1.pdb
w:\programs\cg_lab\lab\direct3d win32 game1 (2)\direct3d win32 game1\direct3d win32 game1\debug\resource.res
w:\programs\cg_lab\lab\direct3d win32 game1 (2)\direct3d win32 game1\direct3d win32 game1\debug\direct3d win32 game1.exe.embed.manifest.res
w:\programs\cg_lab\lab\cg_lab_dx\cg_lab_dx\direct3d win32 game1\debug\game.obj
w:\programs\cg_lab\lab\cg_lab_dx\cg_lab_dx\direct3d win32 game1\debug\graphicmodel.obj
w:\programs\cg_lab\lab\cg_lab_dx\cg_lab_dx\direct3d win32 game1\debug\main.obj
w:\programs\cg_lab\lab\cg_lab_dx\cg_lab_dx\direct3d win32 game1\debug\pch.obj
w:\programs\cg_lab\lab\cg_lab_dx\cg_lab_dx\direct3d win32 game1\debug\direct3d win32 game1.exe.embed.manifest
w:\programs\cg_lab\lab\cg_lab_dx\cg_lab_dx\direct3d win32 game1\debug\direct3d win32 game1.exe.embed.manifest.res
w:\programs\cg_lab\lab\cg_lab_dx\cg_lab_dx\direct3d win32 game1\debug\resource.res
w:\programs\cg_lab\lab\cg_lab_dx\cg_lab_dx\direct3d win32 game1\debug\direct3d win32 game1.pch
w:\programs\cg_lab\lab\cg_lab_dx\cg_lab_dx\direct3d win32 game1\debug\vc142.idb
w:\programs\cg_lab\lab\cg_lab_dx\cg_lab_dx\direct3d win32 game1\debug\vc142.pdb
w:\programs\cg_lab\lab\cg_lab_dx\cg_lab_dx\direct3d win32 game1\debug\direct3d win32 game1_manifest.rc
w:\programs\cg_lab\lab\cg_lab_dx\cg_lab_dx\direct3d win32 game1\debug\game.nativecodeanalysis.xml
w:\programs\cg_lab\lab\cg_lab_dx\cg_lab_dx\direct3d win32 game1\debug\main.nativecodeanalysis.xml
w:\programs\cg_lab\lab\cg_lab_dx\cg_lab_dx\direct3d win32 game1\debug\pch.nativecodeanalysis.xml
w:\programs\cg_lab\lab\cg_lab_dx\cg_lab_dx\debug\direct3d win32 game1.pdb
w:\programs\cg_lab\lab\cg_lab_dx\cg_lab_dx\debug\direct3d win32 game1.exe
w:\programs\cg_lab\lab\cg_lab_dx\cg_lab_dx\debug\direct3d win32 game1.ilk
w:\programs\cg_lab\lab\cg_lab_dx\cg_lab_dx\direct3d win32 game1\debug\direct3d.f359c7ae.tlog\cl.command.1.tlog
w:\programs\cg_lab\lab\cg_lab_dx\cg_lab_dx\direct3d win32 game1\debug\direct3d.f359c7ae.tlog\cl.read.1.tlog
w:\programs\cg_lab\lab\cg_lab_dx\cg_lab_dx\direct3d win32 game1\debug\direct3d.f359c7ae.tlog\cl.write.1.tlog
w:\programs\cg_lab\lab\cg_lab_dx\cg_lab_dx\direct3d win32 game1\debug\direct3d.f359c7ae.tlog\direct3d win32 game1.read.1u.tlog
w:\programs\cg_lab\lab\cg_lab_dx\cg_lab_dx\direct3d win32 game1\debug\direct3d.f359c7ae.tlog\direct3d win32 game1.write.1u.tlog
w:\programs\cg_lab\lab\cg_lab_dx\cg_lab_dx\direct3d win32 game1\debug\direct3d.f359c7ae.tlog\fxc.command.1.tlog
w:\programs\cg_lab\lab\cg_lab_dx\cg_lab_dx\direct3d win32 game1\debug\direct3d.f359c7ae.tlog\fxc.read.1.tlog
w:\programs\cg_lab\lab\cg_lab_dx\cg_lab_dx\direct3d win32 game1\debug\direct3d.f359c7ae.tlog\fxc.write.1.tlog
w:\programs\cg_lab\lab\cg_lab_dx\cg_lab_dx\direct3d win32 game1\debug\direct3d.f359c7ae.tlog\link.command.1.tlog
w:\programs\cg_lab\lab\cg_lab_dx\cg_lab_dx\direct3d win32 game1\debug\direct3d.f359c7ae.tlog\link.read.1.tlog
w:\programs\cg_lab\lab\cg_lab_dx\cg_lab_dx\direct3d win32 game1\debug\direct3d.f359c7ae.tlog\link.write.1.tlog
w:\programs\cg_lab\lab\cg_lab_dx\cg_lab_dx\direct3d win32 game1\debug\direct3d.f359c7ae.tlog\rc.command.1.tlog
w:\programs\cg_lab\lab\cg_lab_dx\cg_lab_dx\direct3d win32 game1\debug\direct3d.f359c7ae.tlog\rc.read.1.tlog
w:\programs\cg_lab\lab\cg_lab_dx\cg_lab_dx\direct3d win32 game1\debug\direct3d.f359c7ae.tlog\rc.write.1.tlog
